Graph now : 
Node 0  :  '1' : 4,  '2' : 5,  '8' : 6,  
Node 1  :  '0' : 6,  '3' : 48,  '2' : 4,  '6' : 12,  '8' : 4,  
Node 2  :  '4' : 41,  '0' : 5,  '1' : 5,  '6' : 13,  '8' : 16,  
Node 3  :  '5' : 7,  '1' : 56,  '8' : 5,  
Node 4  :  '2' : 12,  '6' : 18,  '8' : 3,  
Node 5  :  '3' : 7,  '6' : 3,  '7' : 4,  '8' : 6,  
Node 6  :  '5' : 7,  '4' : 19,  '1' : 13,  '2' : 14,  '7' : 4,  '8' : 5,  
Node 7  :  '5' : 7,  '6' : 5,  '8' : 5,  
Node 8  :  '4' : 4,  '0' : 6,  '5' : 5,  '1' : 8,  '3' : 5,  '2' : 1,  '6' : 4,  '7' : 4,  

______________________________________________________________
             Routing Table for Node No. 3 at time 21
______________________________________________________________
   Destination   |            Path            |     Cost      |
        0        |           3-8-0            |      11       |
        1        |          3-8-2-1           |      11       |
        2        |           3-8-2            |       6       |
        4        |           3-8-4            |       9       |
        5        |            3-5             |       7       |
        6        |           3-8-6            |       9       |
        7        |           3-8-7            |       9       |
        8        |            3-8             |       5       |
______________________________________________________________



Graph now : 
Node 0  :  '1' : 5,  '2' : 5,  '8' : 10,  
Node 1  :  '0' : 5,  '3' : 52,  '2' : 6,  '6' : 14,  '8' : 5,  
Node 2  :  '4' : 15,  '0' : 4,  '1' : 6,  '6' : 13,  '8' : 2,  
Node 3  :  '5' : 9,  '1' : 17,  '8' : 6,  
Node 4  :  '2' : 31,  '6' : 14,  '8' : 5,  
Node 5  :  '3' : 9,  '6' : 3,  '7' : 6,  '8' : 5,  
Node 6  :  '5' : 6,  '4' : 16,  '1' : 14,  '2' : 13,  '7' : 9,  '8' : 7,  
Node 7  :  '5' : 4,  '6' : 6,  '8' : 7,  
Node 8  :  '4' : 5,  '0' : 7,  '5' : 4,  '1' : 8,  '3' : 6,  '2' : 18,  '6' : 7,  '7' : 5,  

______________________________________________________________
             Routing Table for Node No. 3 at time 44
______________________________________________________________
   Destination   |            Path            |     Cost      |
        0        |           3-8-0            |      13       |
        1        |           3-8-1            |      14       |
        2        |          3-8-0-2           |      18       |
        4        |           3-8-4            |      11       |
        5        |            3-5             |       9       |
        6        |           3-5-6            |      12       |
        7        |           3-8-7            |      11       |
        8        |            3-8             |       6       |
______________________________________________________________



Graph now : 
Node 0  :  '1' : 6,  '2' : 4,  '8' : 10,  
Node 1  :  '0' : 3,  '3' : 21,  '2' : 3,  '6' : 14,  '8' : 9,  
Node 2  :  '4' : 15,  '0' : 6,  '1' : 7,  '6' : 13,  '8' : 2,  
Node 3  :  '5' : 9,  '1' : 53,  '8' : 5,  
Node 4  :  '2' : 30,  '6' : 17,  '8' : 2,  
Node 5  :  '3' : 8,  '6' : 6,  '7' : 8,  '8' : 7,  
Node 6  :  '5' : 5,  '4' : 19,  '1' : 12,  '2' : 13,  '7' : 6,  '8' : 8,  
Node 7  :  '5' : 5,  '6' : 9,  '8' : 7,  
Node 8  :  '4' : 5,  '0' : 8,  '5' : 4,  '1' : 5,  '3' : 6,  '2' : 10,  '6' : 4,  '7' : 5,  

______________________________________________________________
             Routing Table for Node No. 3 at time 68
______________________________________________________________
   Destination   |            Path            |     Cost      |
        0        |           3-8-0            |      13       |
        1        |           3-8-1            |      10       |
        2        |          3-8-1-2           |      13       |
        4        |           3-8-4            |      10       |
        5        |            3-5             |       9       |
        6        |           3-8-6            |       9       |
        7        |           3-8-7            |      10       |
        8        |            3-8             |       5       |
______________________________________________________________



Graph now : 
Node 0  :  '1' : 6,  '2' : 6,  '8' : 9,  
Node 1  :  '0' : 7,  '3' : 29,  '2' : 7,  '6' : 12,  '8' : 9,  
Node 2  :  '4' : 39,  '0' : 5,  '1' : 4,  '6' : 12,  '8' : 13,  
Node 3  :  '5' : 5,  '1' : 35,  '8' : 4,  
Node 4  :  '2' : 21,  '6' : 18,  '8' : 3,  
Node 5  :  '3' : 5,  '6' : 5,  '7' : 7,  '8' : 1,  
Node 6  :  '5' : 6,  '4' : 15,  '1' : 14,  '2' : 14,  '7' : 4,  '8' : 8,  
Node 7  :  '5' : 7,  '6' : 5,  '8' : 6,  
Node 8  :  '4' : 4,  '0' : 7,  '5' : 1,  '1' : 6,  '3' : 5,  '2' : 9,  '6' : 6,  '7' : 4,  

______________________________________________________________
             Routing Table for Node No. 3 at time 91
______________________________________________________________
   Destination   |            Path            |     Cost      |
        0        |           3-8-0            |      11       |
        1        |           3-8-1            |      10       |
        2        |           3-8-2            |      13       |
        4        |           3-8-4            |       8       |
        5        |            3-5             |       5       |
        6        |           3-8-6            |      10       |
        7        |           3-8-7            |       8       |
        8        |            3-8             |       4       |
______________________________________________________________



Graph now : 
Node 0  :  '1' : 4,  '2' : 6,  '8' : 8,  
Node 1  :  '0' : 3,  '3' : 54,  '2' : 6,  '6' : 14,  '8' : 7,  
Node 2  :  '4' : 7,  '0' : 4,  '1' : 6,  '6' : 13,  '8' : 17,  
Node 3  :  '5' : 7,  '1' : 37,  '8' : 5,  
Node 4  :  '2' : 15,  '6' : 18,  '8' : 5,  
Node 5  :  '3' : 6,  '6' : 2,  '7' : 9,  '8' : 2,  
Node 6  :  '5' : 7,  '4' : 15,  '1' : 13,  '2' : 13,  '7' : 4,  '8' : 5,  
Node 7  :  '5' : 6,  '6' : 9,  '8' : 4,  
Node 8  :  '4' : 2,  '0' : 8,  '5' : 2,  '1' : 4,  '3' : 5,  '2' : 7,  '6' : 8,  '7' : 4,  

______________________________________________________________
             Routing Table for Node No. 3 at time 115
______________________________________________________________
   Destination   |            Path            |     Cost      |
        0        |          3-8-1-0           |      12       |
        1        |           3-8-1            |       9       |
        2        |           3-8-2            |      12       |
        4        |           3-8-4            |       7       |
        5        |            3-5             |       7       |
        6        |           3-5-6            |       9       |
        7        |           3-8-7            |       9       |
        8        |            3-8             |       5       |
______________________________________________________________



Graph now : 
Node 0  :  '1' : 7,  '2' : 5,  '8' : 6,  
Node 1  :  '0' : 5,  '3' : 27,  '2' : 7,  '6' : 12,  '8' : 8,  
Node 2  :  '4' : 55,  '0' : 5,  '1' : 8,  '6' : 13,  '8' : 12,  
Node 3  :  '5' : 8,  '1' : 23,  '8' : 5,  
Node 4  :  '2' : 47,  '6' : 19,  '8' : 1,  
Node 5  :  '3' : 5,  '6' : 4,  '7' : 4,  '8' : 2,  
Node 6  :  '5' : 4,  '4' : 12,  '1' : 13,  '2' : 13,  '7' : 9,  '8' : 6,  
Node 7  :  '5' : 5,  '6' : 4,  '8' : 4,  
Node 8  :  '4' : 1,  '0' : 8,  '5' : 4,  '1' : 9,  '3' : 6,  '2' : 13,  '6' : 6,  '7' : 5,  

______________________________________________________________
             Routing Table for Node No. 3 at time 138
______________________________________________________________
   Destination   |            Path            |     Cost      |
        0        |           3-8-0            |      13       |
        1        |           3-8-1            |      14       |
        2        |           3-8-2            |      18       |
        4        |           3-8-4            |       6       |
        5        |            3-5             |       8       |
        6        |           3-8-6            |      11       |
        7        |           3-8-7            |      10       |
        8        |            3-8             |       5       |
______________________________________________________________



Graph now : 
Node 0  :  '1' : 6,  '2' : 6,  '8' : 5,  
Node 1  :  '0' : 6,  '3' : 26,  '2' : 8,  '6' : 14,  '8' : 7,  
Node 2  :  '4' : 24,  '0' : 6,  '1' : 2,  '6' : 13,  '8' : 18,  
Node 3  :  '5' : 8,  '1' : 15,  '8' : 6,  
Node 4  :  '2' : 17,  '6' : 14,  '8' : 3,  
Node 5  :  '3' : 7,  '6' : 3,  '7' : 4,  '8' : 3,  
Node 6  :  '5' : 5,  '4' : 17,  '1' : 13,  '2' : 14,  '7' : 5,  '8' : 4,  
Node 7  :  '5' : 7,  '6' : 9,  '8' : 3,  
Node 8  :  '4' : 4,  '0' : 6,  '5' : 2,  '1' : 7,  '3' : 5,  '2' : 8,  '6' : 5,  '7' : 5,  

______________________________________________________________
             Routing Table for Node No. 3 at time 162
______________________________________________________________
   Destination   |            Path            |     Cost      |
        0        |           3-8-0            |      12       |
        1        |           3-8-1            |      13       |
        2        |           3-8-2            |      14       |
        4        |           3-8-4            |      10       |
        5        |            3-5             |       8       |
        6        |           3-8-6            |      11       |
        7        |           3-8-7            |      11       |
        8        |            3-8             |       6       |
______________________________________________________________



